<?xml version="1.0"?>
<terms>
  <entity>
    <name>Dream Theater</name>
    <synonym>Nightmare Cinema</synonym>
    <same>Daydream Matinee</same>
  </entity>
  <entity name="Opeth">
    <same>My Dying Bride</same>
  </entity>
  <entity>
    <name>Strapping Young Lad</name>
    <malformed>
      <name>The Cynics</name>
    </malformed>
    <related>Meshuggah</related>
  </entity>
</terms>
